
Showing logs for build [32mcb-kubecd-bdd-nh-1574878375-pr-1[0m stage [32mfrom-build-pack[0m and container [32mstep-credential-initializer-fh2wk[0m
{"level":"warn","ts":1574881871.0803792,"logger":"fallback-logger","caller":"logging/config.go:69","msg":"Fetch GitHub commit ID from kodata failed: \"ref: refs/heads/master\" is not a valid GitHub commit ID"}
{"level":"info","ts":1574881871.0830276,"logger":"fallback-logger","caller":"creds-init/main.go:40","msg":"Credentials initialized."}

Showing logs for build [32mcb-kubecd-bdd-nh-1574878375-pr-1[0m stage [32mfrom-build-pack[0m and container [32mstep-working-dir-initializer-66q75[0m
{"level":"warn","ts":1574881872.1473408,"logger":"fallback-logger","caller":"logging/config.go:69","msg":"Fetch GitHub commit ID from kodata failed: open /var/run/ko/HEAD: no such file or directory"}
{"level":"info","ts":1574881872.1494951,"logger":"fallback-logger","caller":"bash/main.go:65","msg":"Successfully executed command \"mkdir -p /workspace/source\""}

Showing logs for build [32mcb-kubecd-bdd-nh-1574878375-pr-1[0m stage [32mfrom-build-pack[0m and container [32mstep-place-tools[0m

Showing logs for build [32mcb-kubecd-bdd-nh-1574878375-pr-1[0m stage [32mfrom-build-pack[0m and container [32mstep-git-source-cb-kubecd-bdd-nh-1574878375-pr-hc6f9[0m
{"level":"warn","ts":1574881903.247516,"logger":"fallback-logger","caller":"logging/config.go:69","msg":"Fetch GitHub commit ID from kodata failed: \"ref: refs/heads/master\" is not a valid GitHub commit ID"}
{"level":"info","ts":1574881904.4565468,"logger":"fallback-logger","caller":"git/git.go:102","msg":"Successfully cloned https://github.com/cb-kubecd/bdd-nh-1574878375.git @ master in path /workspace/source"}

Showing logs for build [32mcb-kubecd-bdd-nh-1574878375-pr-1[0m stage [32mfrom-build-pack[0m and container [32mstep-git-merge[0m
Using SHAs from PULL_REFS=master:1442109daee4dd82ee3f53eb28c271678c7ec4d9,1:7b83677f348253ed578b02c70d1c2018afa454cc
DEBUG: ran git fetch --unshallow origin 7b83677f348253ed578b02c70d1c2018afa454cc: 1442109daee4dd82ee3f53eb28c271678c7ec4d9: in 
DEBUG: ran git checkout master in 
DEBUG: ran git reset --hard 1442109daee4dd82ee3f53eb28c271678c7ec4d9 in 
DEBUG: ran clean --force -d . in 
DEBUG: ran git merge 7b83677f348253ed578b02c70d1c2018afa454cc in 
Merged SHA 7b83677f348253ed578b02c70d1c2018afa454cc with commit message 'My first PR commit' into base branch master

Showing logs for build [32mcb-kubecd-bdd-nh-1574878375-pr-1[0m stage [32mfrom-build-pack[0m and container [32mstep-build-npmrc[0m
WARNING: failed to find Secret npm-token in namespace **

Showing logs for build [32mcb-kubecd-bdd-nh-1574878375-pr-1[0m stage [32mfrom-build-pack[0m and container [32mstep-build-npm-install[0m
npm notice created a lockfile as package-lock.json. You should commit this file.
npm WARN REPLACE_ME@1.0.0 No repository field.
npm WARN REPLACE_ME@1.0.0 No license field.

up to date in 0.952s
found 0 vulnerabilities


Showing logs for build [32mcb-kubecd-bdd-nh-1574878375-pr-1[0m stage [32mfrom-build-pack[0m and container [32mstep-build-npm-test[0m

> REPLACE_ME@1.0.0 test /workspace/source
> echo "no test specified" && exit 0

no test specified

Showing logs for build [32mcb-kubecd-bdd-nh-1574878375-pr-1[0m stage [32mfrom-build-pack[0m and container [32mstep-build-container-build[0m
[36mINFO[0m[0000] Downloading base image node:9-slim           
ERROR: logging before flag.Parse: E1127 19:11:50.671729       9 metadata.go:142] while reading 'google-dockercfg' metadata: http status code: 404 while fetching url http://metadata.google.internal./computeMetadata/v1/instance/attributes/google-dockercfg
ERROR: logging before flag.Parse: E1127 19:11:50.677345       9 metadata.go:159] while reading 'google-dockercfg-url' metadata: http status code: 404 while fetching url http://metadata.google.internal./computeMetadata/v1/instance/attributes/google-dockercfg-url
2019/11/27 19:11:50 No matching credentials were found, falling back on anonymous
[36mINFO[0m[0001] Error while retrieving image from cache: getting file info: stat /workspace/sha256:0e0175bbe4f8d9d104590d8d2c591017874e30977cb71aaff1cf6fa99479575c: no such file or directory 
[36mINFO[0m[0001] Downloading base image node:9-slim           
2019/11/27 19:11:51 No matching credentials were found, falling back on anonymous
[36mINFO[0m[0002] Executing 0 build triggers                   
[36mINFO[0m[0002] cmd: EXPOSE                                  
[36mINFO[0m[0002] Adding exposed port: 8080/tcp                
[36mINFO[0m[0002] Using files from context: [/workspace/source] 
[36mINFO[0m[0002] Skipping unpacking as no commands require it. 
[36mINFO[0m[0002] Taking snapshot of full filesystem...        
[36mINFO[0m[0002] ENV PORT 8080                                
[36mINFO[0m[0002] No files changed in this command, skipping snapshotting. 
[36mINFO[0m[0002] EXPOSE 8080                                  
[36mINFO[0m[0002] cmd: EXPOSE                                  
[36mINFO[0m[0002] Adding exposed port: 8080/tcp                
[36mINFO[0m[0002] No files changed in this command, skipping snapshotting. 
[36mINFO[0m[0002] WORKDIR /usr/src/app                         
[36mINFO[0m[0002] cmd: workdir                                 
[36mINFO[0m[0002] Changed working directory to /usr/src/app    
[36mINFO[0m[0002] Creating directory /usr/src/app              
[36mINFO[0m[0002] Taking snapshot of files...                  
[36mINFO[0m[0002] Using files from context: [/workspace/source] 
[36mINFO[0m[0002] COPY . .                                     
[36mINFO[0m[0002] Taking snapshot of files...                  
[36mINFO[0m[0002] CMD ["npm", "start"]                         
[36mINFO[0m[0002] No files changed in this command, skipping snapshotting. 
2019/11/27 19:11:53 existing blob: sha256:a88538b9cd05cfa611e43a25582a95ad7879f6fa708b0386a26b71ee62235bb3
2019/11/27 19:11:53 existing blob: sha256:e01bd28a434b56ffd2a3fe9aa99b9b69aecca69904843edd30b1ee7150d79904
2019/11/27 19:11:53 existing blob: sha256:5bba3ecb4cd6374a19da45f2a3db0a9c0804984358b3bb4b666c28944016e5ff
2019/11/27 19:11:53 existing blob: sha256:7d083412657baa2dafba8d093034ef26f9ed2c90fb6ed95f76bb55aff03ed429
2019/11/27 19:11:53 existing blob: sha256:196b8e3c919d5639193ba6c6e54774528942041bbc37606631a2250502985c3c
2019/11/27 19:11:56 pushed blob: sha256:c652897b79edfdc22fd9db5e959fc97b0278ac8d4ead688a1791fe12b5fbb918
2019/11/27 19:11:56 pushed blob: sha256:128c173a1b9427678c8301e0bf79c22c6e29c652ab490c3a52e973c097f3ff43
2019/11/27 19:11:57 pushed blob: sha256:efda1770ce3597ed398d79b84b406433f670359f1f2484a5f7d860bd5e16880a
2019/11/27 19:11:58 gcr.io/jenkins-x-bdd3/bdd-nh-1574878375:0.0.0-SNAPSHOT-PR-1-1: digest: sha256:3b7bed8cfea7edba170ec532b830d61ce2b08e29c88fee40a8c16f0b9844d51c size: 1404

Showing logs for build [32mcb-kubecd-bdd-nh-1574878375-pr-1[0m stage [32mfrom-build-pack[0m and container [32mstep-postbuild-post-build[0m
no CVE provider running in the current ** namespace so skip adding image to be analysed

Showing logs for build [32mcb-kubecd-bdd-nh-1574878375-pr-1[0m stage [32mfrom-build-pack[0m and container [32mstep-promote-make-preview[0m
sed -i -e "s/version:.*/version: 0.0.0-SNAPSHOT-PR-1-1/" Chart.yaml
sed -i -e "s/version:.*/version: 0.0.0-SNAPSHOT-PR-1-1/" ../*/Chart.yaml
sed -i -e "s|repository:.*|repository: gcr.io\/jenkins-x-bdd3\/bdd-nh-1574878375|" values.yaml
sed -i -e "s/tag:.*/tag: 0.0.0-SNAPSHOT-PR-1-1/" values.yaml
echo "  version: 0.0.0-SNAPSHOT-PR-1-1" >> requirements.yaml
** step helm build
WARNING: No $CHART_REPOSITORY defined so using the default value of: http://jenkins-x-chartmuseum:8080
Adding missing Helm repo: storage.googleapis.com https://storage.googleapis.com/chartmuseum.jenkins-x.io
Read credentials for https://storage.googleapis.com/chartmuseum.jenkins-x.io from vault helm/repos
Successfully added Helm repository storage.googleapis.com.
Adding missing Helm repo: jenkins-x-chartmuseum http://jenkins-x-chartmuseum:8080
Read credentials for http://jenkins-x-chartmuseum:8080 from vault helm/repos
Successfully added Helm repository jenkins-x-chartmuseum.
WARNING: No $CHART_REPOSITORY defined so using the default value of: http://jenkins-x-chartmuseum:8080
Adding missing Helm repo: chartmuseum.jenkins-x.io http://chartmuseum.jenkins-x.io
Read credentials for http://chartmuseum.jenkins-x.io from vault helm/repos
Successfully added Helm repository chartmuseum.jenkins-x.io.

Showing logs for build [32mcb-kubecd-bdd-nh-1574878375-pr-1[0m stage [32mfrom-build-pack[0m and container [32mstep-promote-jx-preview[0m
Creating a preview
Created environment cb-kubecd-bdd-nh-1574878375-pr-1
Namespace **-cb-kubecd-bdd-nh-1574878375-pr-1 created 
expose:
  Annotations:
    helm.sh/hook: post-install,post-upgrade
    helm.sh/hook-delete-policy: hook-succeeded
  config:
    domain: c**d5.bdd.jenkins-x.rocks
    exposer: Ingress
    http: "true"
preview:
  image:
    repository: gcr.io/jenkins-x-bdd3/bdd-nh-1574878375
    tag: 0.0.0-SNAPSHOT-PR-1-1


Updating PipelineActivities cb-kubecd-bdd-nh-1574878375-pr-1-1 which has status Running
WARNING: preview application http://bdd-nh-1574878375.**-cb-kubecd-bdd-nh-1574878375-pr-1.c**d5.bdd.jenkins-x.rocks not available, error was Get http://bdd-nh-1574878375.**-cb-kubecd-bdd-nh-1574878375-pr-1.c**d5.bdd.jenkins-x.rocks: dial tcp: lookup bdd-nh-1574878375.**-cb-kubecd-bdd-nh-1574878375-pr-1.c**d5.bdd.jenkins-x.rocks on 10.71.240.10:53: no such host, delaying for: 1.050146921s
WARNING: preview application http://bdd-nh-1574878375.**-cb-kubecd-bdd-nh-1574878375-pr-1.c**d5.bdd.jenkins-x.rocks not available, error was Get http://bdd-nh-1574878375.**-cb-kubecd-bdd-nh-1574878375-pr-1.c**d5.bdd.jenkins-x.rocks: dial tcp: lookup bdd-nh-1574878375.**-cb-kubecd-bdd-nh-1574878375-pr-1.c**d5.bdd.jenkins-x.rocks on 10.71.240.10:53: no such host, delaying for: 2.123731972s
WARNING: preview application http://bdd-nh-1574878375.**-cb-kubecd-bdd-nh-1574878375-pr-1.c**d5.bdd.jenkins-x.rocks not available, error was Get http://bdd-nh-1574878375.**-cb-kubecd-bdd-nh-1574878375-pr-1.c**d5.bdd.jenkins-x.rocks: dial tcp: lookup bdd-nh-1574878375.**-cb-kubecd-bdd-nh-1574878375-pr-1.c**d5.bdd.jenkins-x.rocks on 10.71.240.10:53: no such host, delaying for: 2.458403445s
WARNING: preview application http://bdd-nh-1574878375.**-cb-kubecd-bdd-nh-1574878375-pr-1.c**d5.bdd.jenkins-x.rocks not available, error was Get http://bdd-nh-1574878375.**-cb-kubecd-bdd-nh-1574878375-pr-1.c**d5.bdd.jenkins-x.rocks: dial tcp: lookup bdd-nh-1574878375.**-cb-kubecd-bdd-nh-1574878375-pr-1.c**d5.bdd.jenkins-x.rocks on 10.71.240.10:53: no such host, delaying for: 3.806441792s
WARNING: preview application http://bdd-nh-1574878375.**-cb-kubecd-bdd-nh-1574878375-pr-1.c**d5.bdd.jenkins-x.rocks not available, error was Get http://bdd-nh-1574878375.**-cb-kubecd-bdd-nh-1574878375-pr-1.c**d5.bdd.jenkins-x.rocks: dial tcp: lookup bdd-nh-1574878375.**-cb-kubecd-bdd-nh-1574878375-pr-1.c**d5.bdd.jenkins-x.rocks on 10.71.240.10:53: no such host, delaying for: 6.567118239s
WARNING: preview application http://bdd-nh-1574878375.**-cb-kubecd-bdd-nh-1574878375-pr-1.c**d5.bdd.jenkins-x.rocks not available, error was Get http://bdd-nh-1574878375.**-cb-kubecd-bdd-nh-1574878375-pr-1.c**d5.bdd.jenkins-x.rocks: dial tcp: lookup bdd-nh-1574878375.**-cb-kubecd-bdd-nh-1574878375-pr-1.c**d5.bdd.jenkins-x.rocks on 10.71.240.10:53: no such host, delaying for: 6.190486398s
WARNING: preview application http://bdd-nh-1574878375.**-cb-kubecd-bdd-nh-1574878375-pr-1.c**d5.bdd.jenkins-x.rocks not available, error was Get http://bdd-nh-1574878375.**-cb-kubecd-bdd-nh-1574878375-pr-1.c**d5.bdd.jenkins-x.rocks: dial tcp: lookup bdd-nh-1574878375.**-cb-kubecd-bdd-nh-1574878375-pr-1.c**d5.bdd.jenkins-x.rocks on 10.71.240.10:53: no such host, delaying for: 5.84140762s
WARNING: preview application http://bdd-nh-1574878375.**-cb-kubecd-bdd-nh-1574878375-pr-1.c**d5.bdd.jenkins-x.rocks not available, error was Get http://bdd-nh-1574878375.**-cb-kubecd-bdd-nh-1574878375-pr-1.c**d5.bdd.jenkins-x.rocks: dial tcp: lookup bdd-nh-1574878375.**-cb-kubecd-bdd-nh-1574878375-pr-1.c**d5.bdd.jenkins-x.rocks on 10.71.240.10:53: no such host, delaying for: 14.204706135s
WARNING: preview application http://bdd-nh-1574878375.**-cb-kubecd-bdd-nh-1574878375-pr-1.c**d5.bdd.jenkins-x.rocks not available, error was Get http://bdd-nh-1574878375.**-cb-kubecd-bdd-nh-1574878375-pr-1.c**d5.bdd.jenkins-x.rocks: dial tcp: lookup bdd-nh-1574878375.**-cb-kubecd-bdd-nh-1574878375-pr-1.c**d5.bdd.jenkins-x.rocks on 10.71.240.10:53: no such host, delaying for: 37.773980375s
WARNING: preview application http://bdd-nh-1574878375.**-cb-kubecd-bdd-nh-1574878375-pr-1.c**d5.bdd.jenkins-x.rocks not available, error was Get http://bdd-nh-1574878375.**-cb-kubecd-bdd-nh-1574878375-pr-1.c**d5.bdd.jenkins-x.rocks: dial tcp: lookup bdd-nh-1574878375.**-cb-kubecd-bdd-nh-1574878375-pr-1.c**d5.bdd.jenkins-x.rocks on 10.71.240.10:53: no such host, delaying for: 55.738381144s
WARNING: preview application http://bdd-nh-1574878375.**-cb-kubecd-bdd-nh-1574878375-pr-1.c**d5.bdd.jenkins-x.rocks not available, error was Get http://bdd-nh-1574878375.**-cb-kubecd-bdd-nh-1574878375-pr-1.c**d5.bdd.jenkins-x.rocks: dial tcp: lookup bdd-nh-1574878375.**-cb-kubecd-bdd-nh-1574878375-pr-1.c**d5.bdd.jenkins-x.rocks on 10.71.240.10:53: no such host, delaying for: 1m4.921413071s
WARNING: preview application http://bdd-nh-1574878375.**-cb-kubecd-bdd-nh-1574878375-pr-1.c**d5.bdd.jenkins-x.rocks not available, error was Get http://bdd-nh-1574878375.**-cb-kubecd-bdd-nh-1574878375-pr-1.c**d5.bdd.jenkins-x.rocks: dial tcp: lookup bdd-nh-1574878375.**-cb-kubecd-bdd-nh-1574878375-pr-1.c**d5.bdd.jenkins-x.rocks on 10.71.240.10:53: no such host, delaying for: 1m15.104434734s
WARNING: preview application http://bdd-nh-1574878375.**-cb-kubecd-bdd-nh-1574878375-pr-1.c**d5.bdd.jenkins-x.rocks not available, error was Get http://bdd-nh-1574878375.**-cb-kubecd-bdd-nh-1574878375-pr-1.c**d5.bdd.jenkins-x.rocks: dial tcp: lookup bdd-nh-1574878375.**-cb-kubecd-bdd-nh-1574878375-pr-1.c**d5.bdd.jenkins-x.rocks on 10.71.240.10:53: no such host, delaying for: 48.630616573s
Preview application is now available at: http://bdd-nh-1574878375.**-cb-kubecd-bdd-nh-1574878375-pr-1.c**d5.bdd.jenkins-x.rocks
